07/28/22 11:05:27: style.scss - Undefined mixin mincho: _p50-button-type1.scss on line 20, at column 3
Call Stack:
#0 import _p50-button-type1.scss style.scss on line 6
07/29/22 2:29:11: style.scss - Undefined mixin mincho: _p50-button-type1.scss on line 20, at column 3
Call Stack:
#0 import _p50-button-type1.scss style.scss on line 6
07/29/22 3:00:15: style.scss - Undefined mixin mincho: _p50-button-type1.scss on line 20, at column 3
Call Stack:
#0 import _p50-button-type1.scss style.scss on line 6
07/29/22 3:00:15: style.scss - Undefined mixin mincho: _p50-button-type1.scss on line 20, at column 3
Call Stack:
#0 import _p50-button-type1.scss style.scss on line 6
07/29/22 3:00:30: style.scss - Undefined mixin mincho: _p50-button-type1.scss on line 20, at column 3
Call Stack:
#0 import _p50-button-type1.scss style.scss on line 6
07/29/22 3:00:35: style.scss - Undefined mixin mincho: _p50-button-type1.scss on line 20, at column 3
Call Stack:
#0 import _p50-button-type1.scss style.scss on line 6
07/29/22 3:00:35: style.scss - Undefined mixin mincho: _p50-button-type1.scss on line 20, at column 3
Call Stack:
#0 import _p50-button-type1.scss style.scss on line 6
07/29/22 3:00:40: style.scss - Undefined mixin mincho: _p50-button-type1.scss on line 20, at column 3
Call Stack:
#0 import _p50-button-type1.scss style.scss on line 6
07/29/22 3:00:46: style.scss - Undefined mixin mincho: _p50-button-type1.scss on line 20, at column 3
Call Stack:
#0 import _p50-button-type1.scss style.scss on line 6
07/29/22 3:01:02: style.scss - Undefined mixin mincho: _p50-button-type1.scss on line 20, at column 3
Call Stack:
#0 import _p50-button-type1.scss style.scss on line 6
07/29/22 3:01:27: style.scss - Undefined mixin mincho: _p50-button-type1.scss on line 20, at column 3
Call Stack:
#0 import _p50-button-type1.scss style.scss on line 6
07/29/22 3:01:32: style.scss - Undefined mixin mincho: _p50-button-type1.scss on line 20, at column 3
Call Stack:
#0 import _p50-button-type1.scss style.scss on line 6
07/29/22 3:01:40: style.scss - Undefined mixin mincho: _p50-button-type1.scss on line 20, at column 3
Call Stack:
#0 import _p50-button-type1.scss style.scss on line 6
07/29/22 3:01:50: style.scss - Undefined variable $lightgray_ddd: _p50-button-type1.scss on line 84, at column 3
Call Stack:
#0 import _p50-button-type1.scss style.scss on line 6
07/31/22 8:46:39: style.scss - Undefined variable $lightgray_ddd: _p50-vanilla-form.scss on line 58, at column 8
Call Stack:
#0 import _p50-vanilla-form.scss style.scss on line 15
09/01/22 11:42:19: style.scss - Undefined mixin garamond: _p50-title-type1.scss on line 16, at column 3
Call Stack:
#0 import _p50-title-type1.scss style.scss on line 17
09/01/22 11:42:36: style.scss - Undefined mixin garamond: _p50-title-type1.scss on line 16, at column 3
Call Stack:
#0 import _p50-title-type1.scss style.scss on line 17
09/01/22 11:42:57: style.scss - Undefined mixin garamond: _p50-title-type1.scss on line 16, at column 3
Call Stack:
#0 import _p50-title-type1.scss style.scss on line 17
09/01/22 11:43:02: style.scss - Undefined mixin garamond: _p50-title-type1.scss on line 16, at column 3
Call Stack:
#0 import _p50-title-type1.scss style.scss on line 17
09/01/22 11:43:06: style.scss - Undefined mixin garamond: _p50-title-type1.scss on line 16, at column 3
Call Stack:
#0 import _p50-title-type1.scss style.scss on line 17
09/01/22 11:43:12: style.scss - Undefined mixin garamond: _p50-title-type1.scss on line 16, at column 3
Call Stack:
#0 import _p50-title-type1.scss style.scss on line 17
09/01/22 11:43:23: style.scss - Undefined mixin garamond: _p50-title-type1.scss on line 16, at column 3
Call Stack:
#0 import _p50-title-type1.scss style.scss on line 17
09/01/22 11:43:26: style.scss - Undefined mixin garamond: _p50-title-type1.scss on line 16, at column 3
Call Stack:
#0 import _p50-title-type1.scss style.scss on line 17
09/01/22 11:43:28: style.scss - Undefined mixin garamond: _p50-title-type1.scss on line 16, at column 3
Call Stack:
#0 import _p50-title-type1.scss style.scss on line 17
09/01/22 11:43:30: style.scss - Undefined mixin garamond: _p50-title-type1.scss on line 16, at column 3
Call Stack:
#0 import _p50-title-type1.scss style.scss on line 17
09/01/22 11:43:46: style.scss - Undefined mixin garamond: _p50-title-type1.scss on line 16, at column 3
Call Stack:
#0 import _p50-title-type1.scss style.scss on line 17
09/08/22 6:09:13: style.scss - Undefined mixin garamond: _p50-title-type1.scss on line 16, at column 3
Call Stack:
#0 import _p50-title-type1.scss style.scss on line 17
09/08/22 6:09:33: style.scss - Undefined mixin garamond: _p50-title-type1.scss on line 16, at column 3
Call Stack:
#0 import _p50-title-type1.scss style.scss on line 17
09/08/22 6:09:38: style.scss - Undefined mixin garamond: _p50-title-type1.scss on line 16, at column 3
Call Stack:
#0 import _p50-title-type1.scss style.scss on line 17
09/08/22 6:09:53: style.scss - Undefined mixin garamond: _p50-title-type1.scss on line 16, at column 3
Call Stack:
#0 import _p50-title-type1.scss style.scss on line 17
09/08/22 6:09:58: style.scss - Undefined mixin garamond: _p50-title-type1.scss on line 16, at column 3
Call Stack:
#0 import _p50-title-type1.scss style.scss on line 17
09/08/22 6:10:09: style.scss - Undefined mixin mincho: _p50-title-type1.scss on line 23, at column 3
Call Stack:
#0 import _p50-title-type1.scss style.scss on line 17
